[12:00:21.043] [INFO] storybook v10.1.4
[12:00:21.527] [DEBUG] Getting package.json info for /Users/mteagle/git/gridular/package.json...
[12:00:21.527] [WARN] You are currently using Storybook [1m10.1.4[22m but you have packages which are incompatible with it:

- storybook-dark-mode@4.0.2 which depends on ^8.0.0

Please consider updating your packages or contacting the maintainers for compatibility details.

For more details on compatibility guidance, see:
https://github.com/storybookjs/storybook/issues/32836
[12:00:21.699] [DEBUG] Serving static files from [36mpublic[39m at [36m/[39m
[12:00:21.703] [INFO] Starting...
[12:00:21.886] [ERROR] [38;2;241;97;97mError: Build failed with 1 error:
node_modules/storybook-dark-mode/dist/esm/preset/manager.js:8:32: ERROR: Could not resolve "@storybook/types"[39m
    at failureErrorWithLog (./node_modules/storybook/node_modules/esbuild/lib/main.js:1467:15)
    at ./node_modules/storybook/node_modules/esbuild/lib/main.js:926:25
    at runOnEndCallbacks (./node_modules/storybook/node_modules/esbuild/lib/main.js:1307:45)
    at buildResponseToResult (./node_modules/storybook/node_modules/esbuild/lib/main.js:924:7)
    at ./node_modules/storybook/node_modules/esbuild/lib/main.js:951:16
    at responseCallbacks.<computed> (./node_modules/storybook/node_modules/esbuild/lib/main.js:603:9)
    at handleIncomingPacket (./node_modules/storybook/node_modules/esbuild/lib/main.js:658:12)
    at Socket.readFromStdout (./node_modules/storybook/node_modules/esbuild/lib/main.js:581:7)
    at Socket.emit (node:events:507:28)
    at addChunk (node:internal/streams/readable:559:12)
[12:00:21.887] [WARN] Broken build, fix the error above.
You may need to refresh the browser.